<?xml version="1.0" encoding="UTF-8"?>
<!-- Generated by org.testng.reporters.JUnitReportReporter -->
<testsuite skipped="0" hostname="ANDY" name="Countwords_Package.Testclass_Countwords" tests="4" failures="0" timestamp="14 Sep 2018 19:18:24 GMT" time="0.038" errors="0">
  <testcase name="Test1_Casesensitive_with_validwords" time="0.017" classname="Countwords_Package.Testclass_Countwords"/>
  <testcase name="Test2_Casesensitive_with_Invalidwords" time="0.000" classname="Countwords_Package.Testclass_Countwords"/>
  <testcase name="Test3_CaseInsensitive_with_validwords" time="0.016" classname="Countwords_Package.Testclass_Countwords"/>
  <testcase name="Test4_CaseInsensitive_with_Invalidwords" time="0.005" classname="Countwords_Package.Testclass_Countwords"/>
</testsuite> <!-- Countwords_Package.Testclass_Countwords -->
